<?xml version="1.0" encoding="UTF-8"?>
<testng-results skipped="0" failed="0" total="1" passed="1">
  <reporter-output>
  </reporter-output>
  <suite name="Suite" duration-ms="52" started-at="2018-07-22T15:22:08Z" finished-at="2018-07-22T15:22:08Z">
    <groups>
    </groups>
    <test name="Test" duration-ms="52" started-at="2018-07-22T15:22:08Z" finished-at="2018-07-22T15:22:08Z">
      <class name="MavenDummy.test1">
        <test-method status="PASS" signature="beforetest()[pri:0, instance:MavenDummy.test1@643b1d11]" name="beforetest" is-config="true" duration-ms="10" started-at="2018-07-22T20:52:08Z" finished-at="2018-07-22T20:52:08Z">
          <reporter-output>
          </reporter-output>
        </test-method> <!-- beforetest -->
        <test-method status="PASS" signature="beforetest1()[pri:0, instance:MavenDummy.test1@643b1d11]" name="beforetest1" is-config="true" duration-ms="1" started-at="2018-07-22T20:52:08Z" finished-at="2018-07-22T20:52:08Z">
          <reporter-output>
          </reporter-output>
        </test-method> <!-- beforetest1 -->
        <test-method status="PASS" signature="beforetest3()[pri:0, instance:MavenDummy.test1@643b1d11]" name="beforetest3" is-config="true" duration-ms="1" started-at="2018-07-22T20:52:08Z" finished-at="2018-07-22T20:52:08Z">
          <reporter-output>
          </reporter-output>
        </test-method> <!-- beforetest3 -->
        <test-method status="PASS" signature="beforetest2()[pri:0, instance:MavenDummy.test1@643b1d11]" name="beforetest2" is-config="true" duration-ms="0" started-at="2018-07-22T20:52:08Z" finished-at="2018-07-22T20:52:08Z">
          <reporter-output>
          </reporter-output>
        </test-method> <!-- beforetest2 -->
        <test-method status="PASS" signature="test()[pri:0, instance:MavenDummy.test1@643b1d11]" name="test" duration-ms="15" started-at="2018-07-22T20:52:08Z" finished-at="2018-07-22T20:52:08Z">
          <reporter-output>
          </reporter-output>
        </test-method> <!-- test -->
        <test-method status="PASS" signature="Aftertest()[pri:0, instance:MavenDummy.test1@643b1d11]" name="Aftertest" is-config="true" duration-ms="0" started-at="2018-07-22T20:52:08Z" finished-at="2018-07-22T20:52:08Z">
          <reporter-output>
          </reporter-output>
        </test-method> <!-- Aftertest -->
      </class> <!-- MavenDummy.test1 -->
    </test> <!-- Test -->
  </suite> <!-- Suite -->
</testng-results>
